Start testing: May 14 20:14 FLE vasaros / ziemos laik
----------------------------------------------------------
1/53 Testing: VectorTest.DefaultConstructor
1/53 Test: VectorTest.DefaultConstructor
Command: "D:/objektinis/v3.0/build/tests/Debug/VectorTest.exe" "--gtest_filter=VectorTest.DefaultConstructor" "--gtest_also_run_disabled_tests"
Directory: D:/objektinis/v3.0/build/tests
"VectorTest.DefaultConstructor" start time: May 14 20:14 FLE vasaros / ziemos laik
Output:
----------------------------------------------------------
Running main() from D:\objektinis\v3.0\build\_deps\googletest-src\googletest\src\gtest_main.cc
Note: Google Test filter = VectorTest.DefaultConstructor
[==========] Running 1 test from 1 test suite.
[----------] Global test environment set-up.
[----------] 1 test from VectorTest
[ RUN      ] VectorTest.DefaultConstructor
[       OK ] VectorTest.DefaultConstructor (0 ms)
[----------] 1 test from VectorTest (0 ms total)

[----------] Global test environment tear-down
[==========] 1 test from 1 test suite ran. (0 ms total)
[  PASSED  ] 1 test.
<end of output>
Test time =   0.17 sec
----------------------------------------------------------
Test Passed.
"VectorTest.DefaultConstructor" end time: May 14 20:14 FLE vasaros / ziemos laik
"VectorTest.DefaultConstructor" time elapsed: 00:00:00
----------------------------------------------------------

2/53 Testing: VectorTest.SizeConstructor
2/53 Test: VectorTest.SizeConstructor
Command: "D:/objektinis/v3.0/build/tests/Debug/VectorTest.exe" "--gtest_filter=VectorTest.SizeConstructor" "--gtest_also_run_disabled_tests"
Directory: D:/objektinis/v3.0/build/tests
"VectorTest.SizeConstructor" start time: May 14 20:14 FLE vasaros / ziemos laik
Output:
----------------------------------------------------------
Running main() from D:\objektinis\v3.0\build\_deps\googletest-src\googletest\src\gtest_main.cc
Note: Google Test filter = VectorTest.SizeConstructor
[==========] Running 1 test from 1 test suite.
[----------] Global test environment set-up.
[----------] 1 test from VectorTest
[ RUN      ] VectorTest.SizeConstructor
[       OK ] VectorTest.SizeConstructor (0 ms)
[----------] 1 test from VectorTest (0 ms total)

[----------] Global test environment tear-down
[==========] 1 test from 1 test suite ran. (0 ms total)
[  PASSED  ] 1 test.
<end of output>
Test time =   0.15 sec
----------------------------------------------------------
Test Passed.
"VectorTest.SizeConstructor" end time: May 14 20:14 FLE vasaros / ziemos laik
"VectorTest.SizeConstructor" time elapsed: 00:00:00
----------------------------------------------------------

3/53 Testing: VectorTest.InitializerListConstructor
3/53 Test: VectorTest.InitializerListConstructor
Command: "D:/objektinis/v3.0/build/tests/Debug/VectorTest.exe" "--gtest_filter=VectorTest.InitializerListConstructor" "--gtest_also_run_disabled_tests"
Directory: D:/objektinis/v3.0/build/tests
"VectorTest.InitializerListConstructor" start time: May 14 20:14 FLE vasaros / ziemos laik
Output:
----------------------------------------------------------
Running main() from D:\objektinis\v3.0\build\_deps\googletest-src\googletest\src\gtest_main.cc
Note: Google Test filter = VectorTest.InitializerListConstructor
[==========] Running 1 test from 1 test suite.
[----------] Global test environment set-up.
[----------] 1 test from VectorTest
[ RUN      ] VectorTest.InitializerListConstructor
[       OK ] VectorTest.InitializerListConstructor (0 ms)
[----------] 1 test from VectorTest (0 ms total)

[----------] Global test environment tear-down
[==========] 1 test from 1 test suite ran. (0 ms total)
[  PASSED  ] 1 test.
<end of output>
Test time =   0.11 sec
----------------------------------------------------------
Test Passed.
"VectorTest.InitializerListConstructor" end time: May 14 20:14 FLE vasaros / ziemos laik
"VectorTest.InitializerListConstructor" time elapsed: 00:00:00
----------------------------------------------------------

4/53 Testing: VectorTest.CopyConstructor
4/53 Test: VectorTest.CopyConstructor
Command: "D:/objektinis/v3.0/build/tests/Debug/VectorTest.exe" "--gtest_filter=VectorTest.CopyConstructor" "--gtest_also_run_disabled_tests"
Directory: D:/objektinis/v3.0/build/tests
"VectorTest.CopyConstructor" start time: May 14 20:14 FLE vasaros / ziemos laik
Output:
----------------------------------------------------------
Running main() from D:\objektinis\v3.0\build\_deps\googletest-src\googletest\src\gtest_main.cc
Note: Google Test filter = VectorTest.CopyConstructor
[==========] Running 1 test from 1 test suite.
[----------] Global test environment set-up.
[----------] 1 test from VectorTest
[ RUN      ] VectorTest.CopyConstructor
[       OK ] VectorTest.CopyConstructor (0 ms)
[----------] 1 test from VectorTest (0 ms total)

[----------] Global test environment tear-down
[==========] 1 test from 1 test suite ran. (0 ms total)
[  PASSED  ] 1 test.
<end of output>
Test time =   0.14 sec
----------------------------------------------------------
Test Passed.
"VectorTest.CopyConstructor" end time: May 14 20:14 FLE vasaros / ziemos laik
"VectorTest.CopyConstructor" time elapsed: 00:00:00
----------------------------------------------------------

5/53 Testing: VectorTest.MoveConstructor
5/53 Test: VectorTest.MoveConstructor
Command: "D:/objektinis/v3.0/build/tests/Debug/VectorTest.exe" "--gtest_filter=VectorTest.MoveConstructor" "--gtest_also_run_disabled_tests"
Directory: D:/objektinis/v3.0/build/tests
"VectorTest.MoveConstructor" start time: May 14 20:14 FLE vasaros / ziemos laik
Output:
----------------------------------------------------------
Running main() from D:\objektinis\v3.0\build\_deps\googletest-src\googletest\src\gtest_main.cc
Note: Google Test filter = VectorTest.MoveConstructor
[==========] Running 1 test from 1 test suite.
[----------] Global test environment set-up.
[----------] 1 test from VectorTest
[ RUN      ] VectorTest.MoveConstructor
[       OK ] VectorTest.MoveConstructor (0 ms)
[----------] 1 test from VectorTest (0 ms total)

[----------] Global test environment tear-down
[==========] 1 test from 1 test suite ran. (0 ms total)
[  PASSED  ] 1 test.
<end of output>
Test time =   0.12 sec
----------------------------------------------------------
Test Passed.
"VectorTest.MoveConstructor" end time: May 14 20:14 FLE vasaros / ziemos laik
"VectorTest.MoveConstructor" time elapsed: 00:00:00
----------------------------------------------------------

6/53 Testing: VectorTest.CopyAssignment
6/53 Test: VectorTest.CopyAssignment
Command: "D:/objektinis/v3.0/build/tests/Debug/VectorTest.exe" "--gtest_filter=VectorTest.CopyAssignment" "--gtest_also_run_disabled_tests"
Directory: D:/objektinis/v3.0/build/tests
"VectorTest.CopyAssignment" start time: May 14 20:14 FLE vasaros / ziemos laik
Output:
----------------------------------------------------------
Running main() from D:\objektinis\v3.0\build\_deps\googletest-src\googletest\src\gtest_main.cc
Note: Google Test filter = VectorTest.CopyAssignment
[==========] Running 1 test from 1 test suite.
[----------] Global test environment set-up.
[----------] 1 test from VectorTest
[ RUN      ] VectorTest.CopyAssignment
[       OK ] VectorTest.CopyAssignment (0 ms)
[----------] 1 test from VectorTest (0 ms total)

[----------] Global test environment tear-down
[==========] 1 test from 1 test suite ran. (0 ms total)
[  PASSED  ] 1 test.
<end of output>
Test time =   0.12 sec
----------------------------------------------------------
Test Passed.
"VectorTest.CopyAssignment" end time: May 14 20:14 FLE vasaros / ziemos laik
"VectorTest.CopyAssignment" time elapsed: 00:00:00
----------------------------------------------------------

7/53 Testing: VectorTest.MoveAssignment
7/53 Test: VectorTest.MoveAssignment
Command: "D:/objektinis/v3.0/build/tests/Debug/VectorTest.exe" "--gtest_filter=VectorTest.MoveAssignment" "--gtest_also_run_disabled_tests"
Directory: D:/objektinis/v3.0/build/tests
"VectorTest.MoveAssignment" start time: May 14 20:14 FLE vasaros / ziemos laik
Output:
----------------------------------------------------------
Running main() from D:\objektinis\v3.0\build\_deps\googletest-src\googletest\src\gtest_main.cc
Note: Google Test filter = VectorTest.MoveAssignment
[==========] Running 1 test from 1 test suite.
[----------] Global test environment set-up.
[----------] 1 test from VectorTest
[ RUN      ] VectorTest.MoveAssignment
[       OK ] VectorTest.MoveAssignment (0 ms)
[----------] 1 test from VectorTest (0 ms total)

[----------] Global test environment tear-down
[==========] 1 test from 1 test suite ran. (0 ms total)
[  PASSED  ] 1 test.
<end of output>
Test time =   0.11 sec
----------------------------------------------------------
Test Passed.
"VectorTest.MoveAssignment" end time: May 14 20:14 FLE vasaros / ziemos laik
"VectorTest.MoveAssignment" time elapsed: 00:00:00
----------------------------------------------------------

8/53 Testing: VectorTest.Destructor
8/53 Test: VectorTest.Destructor
Command: "D:/objektinis/v3.0/build/tests/Debug/VectorTest.exe" "--gtest_filter=VectorTest.Destructor" "--gtest_also_run_disabled_tests"
Directory: D:/objektinis/v3.0/build/tests
"VectorTest.Destructor" start time: May 14 20:14 FLE vasaros / ziemos laik
Output:
----------------------------------------------------------
Running main() from D:\objektinis\v3.0\build\_deps\googletest-src\googletest\src\gtest_main.cc
Note: Google Test filter = VectorTest.Destructor
[==========] Running 1 test from 1 test suite.
[----------] Global test environment set-up.
[----------] 1 test from VectorTest
[ RUN      ] VectorTest.Destructor
[       OK ] VectorTest.Destructor (0 ms)
[----------] 1 test from VectorTest (0 ms total)

[----------] Global test environment tear-down
[==========] 1 test from 1 test suite ran. (0 ms total)
[  PASSED  ] 1 test.
<end of output>
Test time =   0.15 sec
----------------------------------------------------------
Test Passed.
"VectorTest.Destructor" end time: May 14 20:14 FLE vasaros / ziemos laik
"VectorTest.Destructor" time elapsed: 00:00:00
----------------------------------------------------------

9/53 Testing: VectorTest.Assign
9/53 Test: VectorTest.Assign
Command: "D:/objektinis/v3.0/build/tests/Debug/VectorTest.exe" "--gtest_filter=VectorTest.Assign" "--gtest_also_run_disabled_tests"
Directory: D:/objektinis/v3.0/build/tests
"VectorTest.Assign" start time: May 14 20:14 FLE vasaros / ziemos laik
Output:
----------------------------------------------------------
Running main() from D:\objektinis\v3.0\build\_deps\googletest-src\googletest\src\gtest_main.cc
Note: Google Test filter = VectorTest.Assign
[==========] Running 1 test from 1 test suite.
[----------] Global test environment set-up.
[----------] 1 test from VectorTest
[ RUN      ] VectorTest.Assign
[       OK ] VectorTest.Assign (0 ms)
[----------] 1 test from VectorTest (0 ms total)

[----------] Global test environment tear-down
[==========] 1 test from 1 test suite ran. (0 ms total)
[  PASSED  ] 1 test.
<end of output>
Test time =   0.14 sec
----------------------------------------------------------
Test Passed.
"VectorTest.Assign" end time: May 14 20:14 FLE vasaros / ziemos laik
"VectorTest.Assign" time elapsed: 00:00:00
----------------------------------------------------------

10/53 Testing: VectorTest.AssignInitializerList
10/53 Test: VectorTest.AssignInitializerList
Command: "D:/objektinis/v3.0/build/tests/Debug/VectorTest.exe" "--gtest_filter=VectorTest.AssignInitializerList" "--gtest_also_run_disabled_tests"
Directory: D:/objektinis/v3.0/build/tests
"VectorTest.AssignInitializerList" start time: May 14 20:14 FLE vasaros / ziemos laik
Output:
----------------------------------------------------------
Running main() from D:\objektinis\v3.0\build\_deps\googletest-src\googletest\src\gtest_main.cc
Note: Google Test filter = VectorTest.AssignInitializerList
[==========] Running 1 test from 1 test suite.
[----------] Global test environment set-up.
[----------] 1 test from VectorTest
[ RUN      ] VectorTest.AssignInitializerList
[       OK ] VectorTest.AssignInitializerList (0 ms)
[----------] 1 test from VectorTest (0 ms total)

[----------] Global test environment tear-down
[==========] 1 test from 1 test suite ran. (0 ms total)
[  PASSED  ] 1 test.
<end of output>
Test time =   0.14 sec
----------------------------------------------------------
Test Passed.
"VectorTest.AssignInitializerList" end time: May 14 20:14 FLE vasaros / ziemos laik
"VectorTest.AssignInitializerList" time elapsed: 00:00:00
----------------------------------------------------------

11/53 Testing: VectorTest.AssignRange
11/53 Test: VectorTest.AssignRange
Command: "D:/objektinis/v3.0/build/tests/Debug/VectorTest.exe" "--gtest_filter=VectorTest.AssignRange" "--gtest_also_run_disabled_tests"
Directory: D:/objektinis/v3.0/build/tests
"VectorTest.AssignRange" start time: May 14 20:14 FLE vasaros / ziemos laik
Output:
----------------------------------------------------------
Running main() from D:\objektinis\v3.0\build\_deps\googletest-src\googletest\src\gtest_main.cc
Note: Google Test filter = VectorTest.AssignRange
[==========] Running 1 test from 1 test suite.
[----------] Global test environment set-up.
[----------] 1 test from VectorTest
[ RUN      ] VectorTest.AssignRange
[       OK ] VectorTest.AssignRange (0 ms)
[----------] 1 test from VectorTest (0 ms total)

[----------] Global test environment tear-down
[==========] 1 test from 1 test suite ran. (0 ms total)
[  PASSED  ] 1 test.
<end of output>
Test time =   0.16 sec
----------------------------------------------------------
Test Passed.
"VectorTest.AssignRange" end time: May 14 20:14 FLE vasaros / ziemos laik
"VectorTest.AssignRange" time elapsed: 00:00:00
----------------------------------------------------------

12/53 Testing: VectorTest.get_allocator
12/53 Test: VectorTest.get_allocator
Command: "D:/objektinis/v3.0/build/tests/Debug/VectorTest.exe" "--gtest_filter=VectorTest.get_allocator" "--gtest_also_run_disabled_tests"
Directory: D:/objektinis/v3.0/build/tests
"VectorTest.get_allocator" start time: May 14 20:14 FLE vasaros / ziemos laik
Output:
----------------------------------------------------------
Running main() from D:\objektinis\v3.0\build\_deps\googletest-src\googletest\src\gtest_main.cc
Note: Google Test filter = VectorTest.get_allocator
[==========] Running 1 test from 1 test suite.
[----------] Global test environment set-up.
[----------] 1 test from VectorTest
[ RUN      ] VectorTest.get_allocator
[       OK ] VectorTest.get_allocator (0 ms)
[----------] 1 test from VectorTest (0 ms total)

[----------] Global test environment tear-down
[==========] 1 test from 1 test suite ran. (0 ms total)
[  PASSED  ] 1 test.
<end of output>
Test time =   0.14 sec
----------------------------------------------------------
Test Passed.
"VectorTest.get_allocator" end time: May 14 20:14 FLE vasaros / ziemos laik
"VectorTest.get_allocator" time elapsed: 00:00:00
----------------------------------------------------------

13/53 Testing: VectorTest.At
13/53 Test: VectorTest.At
Command: "D:/objektinis/v3.0/build/tests/Debug/VectorTest.exe" "--gtest_filter=VectorTest.At" "--gtest_also_run_disabled_tests"
Directory: D:/objektinis/v3.0/build/tests
"VectorTest.At" start time: May 14 20:14 FLE vasaros / ziemos laik
Output:
----------------------------------------------------------
Running main() from D:\objektinis\v3.0\build\_deps\googletest-src\googletest\src\gtest_main.cc
Note: Google Test filter = VectorTest.At
[==========] Running 1 test from 1 test suite.
[----------] Global test environment set-up.
[----------] 1 test from VectorTest
[ RUN      ] VectorTest.At
[       OK ] VectorTest.At (0 ms)
[----------] 1 test from VectorTest (0 ms total)

[----------] Global test environment tear-down
[==========] 1 test from 1 test suite ran. (0 ms total)
[  PASSED  ] 1 test.
<end of output>
Test time =   0.15 sec
----------------------------------------------------------
Test Passed.
"VectorTest.At" end time: May 14 20:14 FLE vasaros / ziemos laik
"VectorTest.At" time elapsed: 00:00:00
----------------------------------------------------------

14/53 Testing: VectorTest.OperatorIndex
14/53 Test: VectorTest.OperatorIndex
Command: "D:/objektinis/v3.0/build/tests/Debug/VectorTest.exe" "--gtest_filter=VectorTest.OperatorIndex" "--gtest_also_run_disabled_tests"
Directory: D:/objektinis/v3.0/build/tests
"VectorTest.OperatorIndex" start time: May 14 20:14 FLE vasaros / ziemos laik
Output:
----------------------------------------------------------
Running main() from D:\objektinis\v3.0\build\_deps\googletest-src\googletest\src\gtest_main.cc
Note: Google Test filter = VectorTest.OperatorIndex
[==========] Running 1 test from 1 test suite.
[----------] Global test environment set-up.
[----------] 1 test from VectorTest
[ RUN      ] VectorTest.OperatorIndex
[       OK ] VectorTest.OperatorIndex (0 ms)
[----------] 1 test from VectorTest (0 ms total)

[----------] Global test environment tear-down
[==========] 1 test from 1 test suite ran. (0 ms total)
[  PASSED  ] 1 test.
<end of output>
Test time =   0.15 sec
----------------------------------------------------------
Test Passed.
"VectorTest.OperatorIndex" end time: May 14 20:14 FLE vasaros / ziemos laik
"VectorTest.OperatorIndex" time elapsed: 00:00:00
----------------------------------------------------------

15/53 Testing: VectorTest.Front
15/53 Test: VectorTest.Front
Command: "D:/objektinis/v3.0/build/tests/Debug/VectorTest.exe" "--gtest_filter=VectorTest.Front" "--gtest_also_run_disabled_tests"
Directory: D:/objektinis/v3.0/build/tests
"VectorTest.Front" start time: May 14 20:14 FLE vasaros / ziemos laik
Output:
----------------------------------------------------------
Running main() from D:\objektinis\v3.0\build\_deps\googletest-src\googletest\src\gtest_main.cc
Note: Google Test filter = VectorTest.Front
[==========] Running 1 test from 1 test suite.
[----------] Global test environment set-up.
[----------] 1 test from VectorTest
[ RUN      ] VectorTest.Front
[       OK ] VectorTest.Front (0 ms)
[----------] 1 test from VectorTest (0 ms total)

[----------] Global test environment tear-down
[==========] 1 test from 1 test suite ran. (0 ms total)
[  PASSED  ] 1 test.
<end of output>
Test time =   0.15 sec
----------------------------------------------------------
Test Passed.
"VectorTest.Front" end time: May 14 20:14 FLE vasaros / ziemos laik
"VectorTest.Front" time elapsed: 00:00:00
----------------------------------------------------------

16/53 Testing: VectorTest.Back
16/53 Test: VectorTest.Back
Command: "D:/objektinis/v3.0/build/tests/Debug/VectorTest.exe" "--gtest_filter=VectorTest.Back" "--gtest_also_run_disabled_tests"
Directory: D:/objektinis/v3.0/build/tests
"VectorTest.Back" start time: May 14 20:14 FLE vasaros / ziemos laik
Output:
----------------------------------------------------------
Running main() from D:\objektinis\v3.0\build\_deps\googletest-src\googletest\src\gtest_main.cc
Note: Google Test filter = VectorTest.Back
[==========] Running 1 test from 1 test suite.
[----------] Global test environment set-up.
[----------] 1 test from VectorTest
[ RUN      ] VectorTest.Back
[       OK ] VectorTest.Back (0 ms)
[----------] 1 test from VectorTest (0 ms total)

[----------] Global test environment tear-down
[==========] 1 test from 1 test suite ran. (0 ms total)
[  PASSED  ] 1 test.
<end of output>
Test time =   0.15 sec
----------------------------------------------------------
Test Passed.
"VectorTest.Back" end time: May 14 20:14 FLE vasaros / ziemos laik
"VectorTest.Back" time elapsed: 00:00:00
----------------------------------------------------------

17/53 Testing: VectorTest.Data
17/53 Test: VectorTest.Data
Command: "D:/objektinis/v3.0/build/tests/Debug/VectorTest.exe" "--gtest_filter=VectorTest.Data" "--gtest_also_run_disabled_tests"
Directory: D:/objektinis/v3.0/build/tests
"VectorTest.Data" start time: May 14 20:14 FLE vasaros / ziemos laik
Output:
----------------------------------------------------------
Running main() from D:\objektinis\v3.0\build\_deps\googletest-src\googletest\src\gtest_main.cc
Note: Google Test filter = VectorTest.Data
[==========] Running 1 test from 1 test suite.
[----------] Global test environment set-up.
[----------] 1 test from VectorTest
[ RUN      ] VectorTest.Data
[       OK ] VectorTest.Data (0 ms)
[----------] 1 test from VectorTest (0 ms total)

[----------] Global test environment tear-down
[==========] 1 test from 1 test suite ran. (0 ms total)
[  PASSED  ] 1 test.
<end of output>
Test time =   0.13 sec
----------------------------------------------------------
Test Passed.
"VectorTest.Data" end time: May 14 20:14 FLE vasaros / ziemos laik
"VectorTest.Data" time elapsed: 00:00:00
----------------------------------------------------------

18/53 Testing: VectorTest.Begin
18/53 Test: VectorTest.Begin
Command: "D:/objektinis/v3.0/build/tests/Debug/VectorTest.exe" "--gtest_filter=VectorTest.Begin" "--gtest_also_run_disabled_tests"
Directory: D:/objektinis/v3.0/build/tests
"VectorTest.Begin" start time: May 14 20:14 FLE vasaros / ziemos laik
Output:
----------------------------------------------------------
Running main() from D:\objektinis\v3.0\build\_deps\googletest-src\googletest\src\gtest_main.cc
Note: Google Test filter = VectorTest.Begin
[==========] Running 1 test from 1 test suite.
[----------] Global test environment set-up.
[----------] 1 test from VectorTest
[ RUN      ] VectorTest.Begin
[       OK ] VectorTest.Begin (0 ms)
[----------] 1 test from VectorTest (0 ms total)

[----------] Global test environment tear-down
[==========] 1 test from 1 test suite ran. (0 ms total)
[  PASSED  ] 1 test.
<end of output>
Test time =   0.16 sec
----------------------------------------------------------
Test Passed.
"VectorTest.Begin" end time: May 14 20:14 FLE vasaros / ziemos laik
"VectorTest.Begin" time elapsed: 00:00:00
----------------------------------------------------------

19/53 Testing: VectorTest.End
19/53 Test: VectorTest.End
Command: "D:/objektinis/v3.0/build/tests/Debug/VectorTest.exe" "--gtest_filter=VectorTest.End" "--gtest_also_run_disabled_tests"
Directory: D:/objektinis/v3.0/build/tests
"VectorTest.End" start time: May 14 20:14 FLE vasaros / ziemos laik
Output:
----------------------------------------------------------
Running main() from D:\objektinis\v3.0\build\_deps\googletest-src\googletest\src\gtest_main.cc
Note: Google Test filter = VectorTest.End
[==========] Running 1 test from 1 test suite.
[----------] Global test environment set-up.
[----------] 1 test from VectorTest
[ RUN      ] VectorTest.End
[       OK ] VectorTest.End (0 ms)
[----------] 1 test from VectorTest (0 ms total)

[----------] Global test environment tear-down
[==========] 1 test from 1 test suite ran. (0 ms total)
[  PASSED  ] 1 test.
<end of output>
Test time =   0.15 sec
----------------------------------------------------------
Test Passed.
"VectorTest.End" end time: May 14 20:14 FLE vasaros / ziemos laik
"VectorTest.End" time elapsed: 00:00:00
----------------------------------------------------------

20/53 Testing: VectorTest.CBegin
20/53 Test: VectorTest.CBegin
Command: "D:/objektinis/v3.0/build/tests/Debug/VectorTest.exe" "--gtest_filter=VectorTest.CBegin" "--gtest_also_run_disabled_tests"
Directory: D:/objektinis/v3.0/build/tests
"VectorTest.CBegin" start time: May 14 20:14 FLE vasaros / ziemos laik
Output:
----------------------------------------------------------
Running main() from D:\objektinis\v3.0\build\_deps\googletest-src\googletest\src\gtest_main.cc
Note: Google Test filter = VectorTest.CBegin
[==========] Running 1 test from 1 test suite.
[----------] Global test environment set-up.
[----------] 1 test from VectorTest
[ RUN      ] VectorTest.CBegin
[       OK ] VectorTest.CBegin (0 ms)
[----------] 1 test from VectorTest (0 ms total)

[----------] Global test environment tear-down
[==========] 1 test from 1 test suite ran. (0 ms total)
[  PASSED  ] 1 test.
<end of output>
Test time =   0.16 sec
----------------------------------------------------------
Test Passed.
"VectorTest.CBegin" end time: May 14 20:14 FLE vasaros / ziemos laik
"VectorTest.CBegin" time elapsed: 00:00:00
----------------------------------------------------------

21/53 Testing: VectorTest.CEnd
21/53 Test: VectorTest.CEnd
Command: "D:/objektinis/v3.0/build/tests/Debug/VectorTest.exe" "--gtest_filter=VectorTest.CEnd" "--gtest_also_run_disabled_tests"
Directory: D:/objektinis/v3.0/build/tests
"VectorTest.CEnd" start time: May 14 20:14 FLE vasaros / ziemos laik
Output:
----------------------------------------------------------
Running main() from D:\objektinis\v3.0\build\_deps\googletest-src\googletest\src\gtest_main.cc
Note: Google Test filter = VectorTest.CEnd
[==========] Running 1 test from 1 test suite.
[----------] Global test environment set-up.
[----------] 1 test from VectorTest
[ RUN      ] VectorTest.CEnd
[       OK ] VectorTest.CEnd (0 ms)
[----------] 1 test from VectorTest (0 ms total)

[----------] Global test environment tear-down
[==========] 1 test from 1 test suite ran. (0 ms total)
[  PASSED  ] 1 test.
<end of output>
Test time =   0.16 sec
----------------------------------------------------------
Test Passed.
"VectorTest.CEnd" end time: May 14 20:14 FLE vasaros / ziemos laik
"VectorTest.CEnd" time elapsed: 00:00:00
----------------------------------------------------------

22/53 Testing: VectorTest.RBegin
22/53 Test: VectorTest.RBegin
Command: "D:/objektinis/v3.0/build/tests/Debug/VectorTest.exe" "--gtest_filter=VectorTest.RBegin" "--gtest_also_run_disabled_tests"
Directory: D:/objektinis/v3.0/build/tests
"VectorTest.RBegin" start time: May 14 20:14 FLE vasaros / ziemos laik
Output:
----------------------------------------------------------
Running main() from D:\objektinis\v3.0\build\_deps\googletest-src\googletest\src\gtest_main.cc
Note: Google Test filter = VectorTest.RBegin
[==========] Running 1 test from 1 test suite.
[----------] Global test environment set-up.
[----------] 1 test from VectorTest
[ RUN      ] VectorTest.RBegin
[       OK ] VectorTest.RBegin (0 ms)
[----------] 1 test from VectorTest (0 ms total)

[----------] Global test environment tear-down
[==========] 1 test from 1 test suite ran. (0 ms total)
[  PASSED  ] 1 test.
<end of output>
Test time =   0.15 sec
----------------------------------------------------------
Test Passed.
"VectorTest.RBegin" end time: May 14 20:14 FLE vasaros / ziemos laik
"VectorTest.RBegin" time elapsed: 00:00:00
----------------------------------------------------------

23/53 Testing: VectorTest.CRBegin
23/53 Test: VectorTest.CRBegin
Command: "D:/objektinis/v3.0/build/tests/Debug/VectorTest.exe" "--gtest_filter=VectorTest.CRBegin" "--gtest_also_run_disabled_tests"
Directory: D:/objektinis/v3.0/build/tests
"VectorTest.CRBegin" start time: May 14 20:14 FLE vasaros / ziemos laik
Output:
----------------------------------------------------------
Running main() from D:\objektinis\v3.0\build\_deps\googletest-src\googletest\src\gtest_main.cc
Note: Google Test filter = VectorTest.CRBegin
[==========] Running 1 test from 1 test suite.
[----------] Global test environment set-up.
[----------] 1 test from VectorTest
[ RUN      ] VectorTest.CRBegin
[       OK ] VectorTest.CRBegin (0 ms)
[----------] 1 test from VectorTest (0 ms total)

[----------] Global test environment tear-down
[==========] 1 test from 1 test suite ran. (0 ms total)
[  PASSED  ] 1 test.
<end of output>
Test time =   0.15 sec
----------------------------------------------------------
Test Passed.
"VectorTest.CRBegin" end time: May 14 20:14 FLE vasaros / ziemos laik
"VectorTest.CRBegin" time elapsed: 00:00:00
----------------------------------------------------------

24/53 Testing: VectorTest.REnd
24/53 Test: VectorTest.REnd
Command: "D:/objektinis/v3.0/build/tests/Debug/VectorTest.exe" "--gtest_filter=VectorTest.REnd" "--gtest_also_run_disabled_tests"
Directory: D:/objektinis/v3.0/build/tests
"VectorTest.REnd" start time: May 14 20:14 FLE vasaros / ziemos laik
Output:
----------------------------------------------------------
Running main() from D:\objektinis\v3.0\build\_deps\googletest-src\googletest\src\gtest_main.cc
Note: Google Test filter = VectorTest.REnd
[==========] Running 1 test from 1 test suite.
[----------] Global test environment set-up.
[----------] 1 test from VectorTest
[ RUN      ] VectorTest.REnd
[       OK ] VectorTest.REnd (0 ms)
[----------] 1 test from VectorTest (0 ms total)

[----------] Global test environment tear-down
[==========] 1 test from 1 test suite ran. (0 ms total)
[  PASSED  ] 1 test.
<end of output>
Test time =   0.14 sec
----------------------------------------------------------
Test Passed.
"VectorTest.REnd" end time: May 14 20:14 FLE vasaros / ziemos laik
"VectorTest.REnd" time elapsed: 00:00:00
----------------------------------------------------------

25/53 Testing: VectorTest.CREnd
25/53 Test: VectorTest.CREnd
Command: "D:/objektinis/v3.0/build/tests/Debug/VectorTest.exe" "--gtest_filter=VectorTest.CREnd" "--gtest_also_run_disabled_tests"
Directory: D:/objektinis/v3.0/build/tests
"VectorTest.CREnd" start time: May 14 20:14 FLE vasaros / ziemos laik
Output:
----------------------------------------------------------
Running main() from D:\objektinis\v3.0\build\_deps\googletest-src\googletest\src\gtest_main.cc
Note: Google Test filter = VectorTest.CREnd
[==========] Running 1 test from 1 test suite.
[----------] Global test environment set-up.
[----------] 1 test from VectorTest
[ RUN      ] VectorTest.CREnd
[       OK ] VectorTest.CREnd (0 ms)
[----------] 1 test from VectorTest (0 ms total)

[----------] Global test environment tear-down
[==========] 1 test from 1 test suite ran. (0 ms total)
[  PASSED  ] 1 test.
<end of output>
Test time =   0.15 sec
----------------------------------------------------------
Test Passed.
"VectorTest.CREnd" end time: May 14 20:14 FLE vasaros / ziemos laik
"VectorTest.CREnd" time elapsed: 00:00:00
----------------------------------------------------------

26/53 Testing: VectorTest.Empty
26/53 Test: VectorTest.Empty
Command: "D:/objektinis/v3.0/build/tests/Debug/VectorTest.exe" "--gtest_filter=VectorTest.Empty" "--gtest_also_run_disabled_tests"
Directory: D:/objektinis/v3.0/build/tests
"VectorTest.Empty" start time: May 14 20:14 FLE vasaros / ziemos laik
Output:
----------------------------------------------------------
Running main() from D:\objektinis\v3.0\build\_deps\googletest-src\googletest\src\gtest_main.cc
Note: Google Test filter = VectorTest.Empty
[==========] Running 1 test from 1 test suite.
[----------] Global test environment set-up.
[----------] 1 test from VectorTest
[ RUN      ] VectorTest.Empty
[       OK ] VectorTest.Empty (0 ms)
[----------] 1 test from VectorTest (0 ms total)

[----------] Global test environment tear-down
[==========] 1 test from 1 test suite ran. (0 ms total)
[  PASSED  ] 1 test.
<end of output>
Test time =   0.16 sec
----------------------------------------------------------
Test Passed.
"VectorTest.Empty" end time: May 14 20:14 FLE vasaros / ziemos laik
"VectorTest.Empty" time elapsed: 00:00:00
----------------------------------------------------------

27/53 Testing: VectorTest.Size
27/53 Test: VectorTest.Size
Command: "D:/objektinis/v3.0/build/tests/Debug/VectorTest.exe" "--gtest_filter=VectorTest.Size" "--gtest_also_run_disabled_tests"
Directory: D:/objektinis/v3.0/build/tests
"VectorTest.Size" start time: May 14 20:14 FLE vasaros / ziemos laik
Output:
----------------------------------------------------------
Running main() from D:\objektinis\v3.0\build\_deps\googletest-src\googletest\src\gtest_main.cc
Note: Google Test filter = VectorTest.Size
[==========] Running 1 test from 1 test suite.
[----------] Global test environment set-up.
[----------] 1 test from VectorTest
[ RUN      ] VectorTest.Size
[       OK ] VectorTest.Size (0 ms)
[----------] 1 test from VectorTest (0 ms total)

[----------] Global test environment tear-down
[==========] 1 test from 1 test suite ran. (0 ms total)
[  PASSED  ] 1 test.
<end of output>
Test time =   0.15 sec
----------------------------------------------------------
Test Passed.
"VectorTest.Size" end time: May 14 20:14 FLE vasaros / ziemos laik
"VectorTest.Size" time elapsed: 00:00:00
----------------------------------------------------------

28/53 Testing: VectorTest.MaxSize
28/53 Test: VectorTest.MaxSize
Command: "D:/objektinis/v3.0/build/tests/Debug/VectorTest.exe" "--gtest_filter=VectorTest.MaxSize" "--gtest_also_run_disabled_tests"
Directory: D:/objektinis/v3.0/build/tests
"VectorTest.MaxSize" start time: May 14 20:14 FLE vasaros / ziemos laik
Output:
----------------------------------------------------------
Running main() from D:\objektinis\v3.0\build\_deps\googletest-src\googletest\src\gtest_main.cc
Note: Google Test filter = VectorTest.MaxSize
[==========] Running 1 test from 1 test suite.
[----------] Global test environment set-up.
[----------] 1 test from VectorTest
[ RUN      ] VectorTest.MaxSize
[       OK ] VectorTest.MaxSize (0 ms)
[----------] 1 test from VectorTest (0 ms total)

[----------] Global test environment tear-down
[==========] 1 test from 1 test suite ran. (0 ms total)
[  PASSED  ] 1 test.
<end of output>
Test time =   0.15 sec
----------------------------------------------------------
Test Passed.
"VectorTest.MaxSize" end time: May 14 20:14 FLE vasaros / ziemos laik
"VectorTest.MaxSize" time elapsed: 00:00:00
----------------------------------------------------------

29/53 Testing: VectorTest.Capacity
29/53 Test: VectorTest.Capacity
Command: "D:/objektinis/v3.0/build/tests/Debug/VectorTest.exe" "--gtest_filter=VectorTest.Capacity" "--gtest_also_run_disabled_tests"
Directory: D:/objektinis/v3.0/build/tests
"VectorTest.Capacity" start time: May 14 20:14 FLE vasaros / ziemos laik
Output:
----------------------------------------------------------
Running main() from D:\objektinis\v3.0\build\_deps\googletest-src\googletest\src\gtest_main.cc
Note: Google Test filter = VectorTest.Capacity
[==========] Running 1 test from 1 test suite.
[----------] Global test environment set-up.
[----------] 1 test from VectorTest
[ RUN      ] VectorTest.Capacity
[       OK ] VectorTest.Capacity (0 ms)
[----------] 1 test from VectorTest (0 ms total)

[----------] Global test environment tear-down
[==========] 1 test from 1 test suite ran. (0 ms total)
[  PASSED  ] 1 test.
<end of output>
Test time =   0.15 sec
----------------------------------------------------------
Test Passed.
"VectorTest.Capacity" end time: May 14 20:14 FLE vasaros / ziemos laik
"VectorTest.Capacity" time elapsed: 00:00:00
----------------------------------------------------------

30/53 Testing: VectorTest.Reserve
30/53 Test: VectorTest.Reserve
Command: "D:/objektinis/v3.0/build/tests/Debug/VectorTest.exe" "--gtest_filter=VectorTest.Reserve" "--gtest_also_run_disabled_tests"
Directory: D:/objektinis/v3.0/build/tests
"VectorTest.Reserve" start time: May 14 20:14 FLE vasaros / ziemos laik
Output:
----------------------------------------------------------
Running main() from D:\objektinis\v3.0\build\_deps\googletest-src\googletest\src\gtest_main.cc
Note: Google Test filter = VectorTest.Reserve
[==========] Running 1 test from 1 test suite.
[----------] Global test environment set-up.
[----------] 1 test from VectorTest
[ RUN      ] VectorTest.Reserve
[       OK ] VectorTest.Reserve (0 ms)
[----------] 1 test from VectorTest (0 ms total)

[----------] Global test environment tear-down
[==========] 1 test from 1 test suite ran. (0 ms total)
[  PASSED  ] 1 test.
<end of output>
Test time =   0.14 sec
----------------------------------------------------------
Test Passed.
"VectorTest.Reserve" end time: May 14 20:14 FLE vasaros / ziemos laik
"VectorTest.Reserve" time elapsed: 00:00:00
----------------------------------------------------------

31/53 Testing: VectorTest.ShrinkToFit
31/53 Test: VectorTest.ShrinkToFit
Command: "D:/objektinis/v3.0/build/tests/Debug/VectorTest.exe" "--gtest_filter=VectorTest.ShrinkToFit" "--gtest_also_run_disabled_tests"
Directory: D:/objektinis/v3.0/build/tests
"VectorTest.ShrinkToFit" start time: May 14 20:14 FLE vasaros / ziemos laik
Output:
----------------------------------------------------------
Running main() from D:\objektinis\v3.0\build\_deps\googletest-src\googletest\src\gtest_main.cc
Note: Google Test filter = VectorTest.ShrinkToFit
[==========] Running 1 test from 1 test suite.
[----------] Global test environment set-up.
[----------] 1 test from VectorTest
[ RUN      ] VectorTest.ShrinkToFit
[       OK ] VectorTest.ShrinkToFit (0 ms)
[----------] 1 test from VectorTest (0 ms total)

[----------] Global test environment tear-down
[==========] 1 test from 1 test suite ran. (0 ms total)
[  PASSED  ] 1 test.
<end of output>
Test time =   0.14 sec
----------------------------------------------------------
Test Passed.
"VectorTest.ShrinkToFit" end time: May 14 20:14 FLE vasaros / ziemos laik
"VectorTest.ShrinkToFit" time elapsed: 00:00:00
----------------------------------------------------------

32/53 Testing: VectorTest.Clear
32/53 Test: VectorTest.Clear
Command: "D:/objektinis/v3.0/build/tests/Debug/VectorTest.exe" "--gtest_filter=VectorTest.Clear" "--gtest_also_run_disabled_tests"
Directory: D:/objektinis/v3.0/build/tests
"VectorTest.Clear" start time: May 14 20:14 FLE vasaros / ziemos laik
Output:
----------------------------------------------------------
Running main() from D:\objektinis\v3.0\build\_deps\googletest-src\googletest\src\gtest_main.cc
Note: Google Test filter = VectorTest.Clear
[==========] Running 1 test from 1 test suite.
[----------] Global test environment set-up.
[----------] 1 test from VectorTest
[ RUN      ] VectorTest.Clear
[       OK ] VectorTest.Clear (0 ms)
[----------] 1 test from VectorTest (0 ms total)

[----------] Global test environment tear-down
[==========] 1 test from 1 test suite ran. (0 ms total)
[  PASSED  ] 1 test.
<end of output>
Test time =   0.15 sec
----------------------------------------------------------
Test Passed.
"VectorTest.Clear" end time: May 14 20:14 FLE vasaros / ziemos laik
"VectorTest.Clear" time elapsed: 00:00:00
----------------------------------------------------------

33/53 Testing: VectorTest.Insert
33/53 Test: VectorTest.Insert
Command: "D:/objektinis/v3.0/build/tests/Debug/VectorTest.exe" "--gtest_filter=VectorTest.Insert" "--gtest_also_run_disabled_tests"
Directory: D:/objektinis/v3.0/build/tests
"VectorTest.Insert" start time: May 14 20:14 FLE vasaros / ziemos laik
Output:
----------------------------------------------------------
Running main() from D:\objektinis\v3.0\build\_deps\googletest-src\googletest\src\gtest_main.cc
Note: Google Test filter = VectorTest.Insert
[==========] Running 1 test from 1 test suite.
[----------] Global test environment set-up.
[----------] 1 test from VectorTest
[ RUN      ] VectorTest.Insert
[       OK ] VectorTest.Insert (0 ms)
[----------] 1 test from VectorTest (0 ms total)

[----------] Global test environment tear-down
[==========] 1 test from 1 test suite ran. (0 ms total)
[  PASSED  ] 1 test.
<end of output>
Test time =   0.15 sec
----------------------------------------------------------
Test Passed.
"VectorTest.Insert" end time: May 14 20:14 FLE vasaros / ziemos laik
"VectorTest.Insert" time elapsed: 00:00:00
----------------------------------------------------------

34/53 Testing: VectorTest.InsertMove
34/53 Test: VectorTest.InsertMove
Command: "D:/objektinis/v3.0/build/tests/Debug/VectorTest.exe" "--gtest_filter=VectorTest.InsertMove" "--gtest_also_run_disabled_tests"
Directory: D:/objektinis/v3.0/build/tests
"VectorTest.InsertMove" start time: May 14 20:14 FLE vasaros / ziemos laik
Output:
----------------------------------------------------------
Running main() from D:\objektinis\v3.0\build\_deps\googletest-src\googletest\src\gtest_main.cc
Note: Google Test filter = VectorTest.InsertMove
[==========] Running 1 test from 1 test suite.
[----------] Global test environment set-up.
[----------] 1 test from VectorTest
[ RUN      ] VectorTest.InsertMove
[       OK ] VectorTest.InsertMove (0 ms)
[----------] 1 test from VectorTest (0 ms total)

[----------] Global test environment tear-down
[==========] 1 test from 1 test suite ran. (0 ms total)
[  PASSED  ] 1 test.
<end of output>
Test time =   0.14 sec
----------------------------------------------------------
Test Passed.
"VectorTest.InsertMove" end time: May 14 20:14 FLE vasaros / ziemos laik
"VectorTest.InsertMove" time elapsed: 00:00:00
----------------------------------------------------------

35/53 Testing: VectorTest.InsertCountValue
35/53 Test: VectorTest.InsertCountValue
Command: "D:/objektinis/v3.0/build/tests/Debug/VectorTest.exe" "--gtest_filter=VectorTest.InsertCountValue" "--gtest_also_run_disabled_tests"
Directory: D:/objektinis/v3.0/build/tests
"VectorTest.InsertCountValue" start time: May 14 20:14 FLE vasaros / ziemos laik
Output:
----------------------------------------------------------
Running main() from D:\objektinis\v3.0\build\_deps\googletest-src\googletest\src\gtest_main.cc
Note: Google Test filter = VectorTest.InsertCountValue
[==========] Running 1 test from 1 test suite.
[----------] Global test environment set-up.
[----------] 1 test from VectorTest
[ RUN      ] VectorTest.InsertCountValue
[       OK ] VectorTest.InsertCountValue (0 ms)
[----------] 1 test from VectorTest (0 ms total)

[----------] Global test environment tear-down
[==========] 1 test from 1 test suite ran. (0 ms total)
[  PASSED  ] 1 test.
<end of output>
Test time =   0.15 sec
----------------------------------------------------------
Test Passed.
"VectorTest.InsertCountValue" end time: May 14 20:14 FLE vasaros / ziemos laik
"VectorTest.InsertCountValue" time elapsed: 00:00:00
----------------------------------------------------------

36/53 Testing: VectorTest.InsertInitializerList
36/53 Test: VectorTest.InsertInitializerList
Command: "D:/objektinis/v3.0/build/tests/Debug/VectorTest.exe" "--gtest_filter=VectorTest.InsertInitializerList" "--gtest_also_run_disabled_tests"
Directory: D:/objektinis/v3.0/build/tests
"VectorTest.InsertInitializerList" start time: May 14 20:14 FLE vasaros / ziemos laik
Output:
----------------------------------------------------------
Running main() from D:\objektinis\v3.0\build\_deps\googletest-src\googletest\src\gtest_main.cc
Note: Google Test filter = VectorTest.InsertInitializerList
[==========] Running 1 test from 1 test suite.
[----------] Global test environment set-up.
[----------] 1 test from VectorTest
[ RUN      ] VectorTest.InsertInitializerList
[       OK ] VectorTest.InsertInitializerList (0 ms)
[----------] 1 test from VectorTest (0 ms total)

[----------] Global test environment tear-down
[==========] 1 test from 1 test suite ran. (0 ms total)
[  PASSED  ] 1 test.
<end of output>
Test time =   0.15 sec
----------------------------------------------------------
Test Passed.
"VectorTest.InsertInitializerList" end time: May 14 20:14 FLE vasaros / ziemos laik
"VectorTest.InsertInitializerList" time elapsed: 00:00:00
----------------------------------------------------------

37/53 Testing: VectorTest.InsertRange
37/53 Test: VectorTest.InsertRange
Command: "D:/objektinis/v3.0/build/tests/Debug/VectorTest.exe" "--gtest_filter=VectorTest.InsertRange" "--gtest_also_run_disabled_tests"
Directory: D:/objektinis/v3.0/build/tests
"VectorTest.InsertRange" start time: May 14 20:14 FLE vasaros / ziemos laik
Output:
----------------------------------------------------------
Running main() from D:\objektinis\v3.0\build\_deps\googletest-src\googletest\src\gtest_main.cc
Note: Google Test filter = VectorTest.InsertRange
[==========] Running 1 test from 1 test suite.
[----------] Global test environment set-up.
[----------] 1 test from VectorTest
[ RUN      ] VectorTest.InsertRange
[       OK ] VectorTest.InsertRange (0 ms)
[----------] 1 test from VectorTest (0 ms total)

[----------] Global test environment tear-down
[==========] 1 test from 1 test suite ran. (0 ms total)
[  PASSED  ] 1 test.
<end of output>
Test time =   0.15 sec
----------------------------------------------------------
Test Passed.
"VectorTest.InsertRange" end time: May 14 20:14 FLE vasaros / ziemos laik
"VectorTest.InsertRange" time elapsed: 00:00:00
----------------------------------------------------------

38/53 Testing: VectorTest.Emplace
38/53 Test: VectorTest.Emplace
Command: "D:/objektinis/v3.0/build/tests/Debug/VectorTest.exe" "--gtest_filter=VectorTest.Emplace" "--gtest_also_run_disabled_tests"
Directory: D:/objektinis/v3.0/build/tests
"VectorTest.Emplace" start time: May 14 20:14 FLE vasaros / ziemos laik
Output:
----------------------------------------------------------
Running main() from D:\objektinis\v3.0\build\_deps\googletest-src\googletest\src\gtest_main.cc
Note: Google Test filter = VectorTest.Emplace
[==========] Running 1 test from 1 test suite.
[----------] Global test environment set-up.
[----------] 1 test from VectorTest
[ RUN      ] VectorTest.Emplace
[       OK ] VectorTest.Emplace (0 ms)
[----------] 1 test from VectorTest (0 ms total)

[----------] Global test environment tear-down
[==========] 1 test from 1 test suite ran. (0 ms total)
[  PASSED  ] 1 test.
<end of output>
Test time =   0.15 sec
----------------------------------------------------------
Test Passed.
"VectorTest.Emplace" end time: May 14 20:14 FLE vasaros / ziemos laik
"VectorTest.Emplace" time elapsed: 00:00:00
----------------------------------------------------------

39/53 Testing: VectorTest.EmplaceBack
39/53 Test: VectorTest.EmplaceBack
Command: "D:/objektinis/v3.0/build/tests/Debug/VectorTest.exe" "--gtest_filter=VectorTest.EmplaceBack" "--gtest_also_run_disabled_tests"
Directory: D:/objektinis/v3.0/build/tests
"VectorTest.EmplaceBack" start time: May 14 20:14 FLE vasaros / ziemos laik
Output:
----------------------------------------------------------
Running main() from D:\objektinis\v3.0\build\_deps\googletest-src\googletest\src\gtest_main.cc
Note: Google Test filter = VectorTest.EmplaceBack
[==========] Running 1 test from 1 test suite.
[----------] Global test environment set-up.
[----------] 1 test from VectorTest
[ RUN      ] VectorTest.EmplaceBack
[       OK ] VectorTest.EmplaceBack (0 ms)
[----------] 1 test from VectorTest (0 ms total)

[----------] Global test environment tear-down
[==========] 1 test from 1 test suite ran. (0 ms total)
[  PASSED  ] 1 test.
<end of output>
Test time =   0.16 sec
----------------------------------------------------------
Test Passed.
"VectorTest.EmplaceBack" end time: May 14 20:14 FLE vasaros / ziemos laik
"VectorTest.EmplaceBack" time elapsed: 00:00:00
----------------------------------------------------------

40/53 Testing: VectorTest.Erase
40/53 Test: VectorTest.Erase
Command: "D:/objektinis/v3.0/build/tests/Debug/VectorTest.exe" "--gtest_filter=VectorTest.Erase" "--gtest_also_run_disabled_tests"
Directory: D:/objektinis/v3.0/build/tests
"VectorTest.Erase" start time: May 14 20:14 FLE vasaros / ziemos laik
Output:
----------------------------------------------------------
Running main() from D:\objektinis\v3.0\build\_deps\googletest-src\googletest\src\gtest_main.cc
Note: Google Test filter = VectorTest.Erase
[==========] Running 1 test from 1 test suite.
[----------] Global test environment set-up.
[----------] 1 test from VectorTest
[ RUN      ] VectorTest.Erase
[       OK ] VectorTest.Erase (0 ms)
[----------] 1 test from VectorTest (0 ms total)

[----------] Global test environment tear-down
[==========] 1 test from 1 test suite ran. (0 ms total)
[  PASSED  ] 1 test.
<end of output>
Test time =   0.14 sec
----------------------------------------------------------
Test Passed.
"VectorTest.Erase" end time: May 14 20:14 FLE vasaros / ziemos laik
"VectorTest.Erase" time elapsed: 00:00:00
----------------------------------------------------------

41/53 Testing: VectorTest.EraseRange
41/53 Test: VectorTest.EraseRange
Command: "D:/objektinis/v3.0/build/tests/Debug/VectorTest.exe" "--gtest_filter=VectorTest.EraseRange" "--gtest_also_run_disabled_tests"
Directory: D:/objektinis/v3.0/build/tests
"VectorTest.EraseRange" start time: May 14 20:14 FLE vasaros / ziemos laik
Output:
----------------------------------------------------------
Running main() from D:\objektinis\v3.0\build\_deps\googletest-src\googletest\src\gtest_main.cc
Note: Google Test filter = VectorTest.EraseRange
[==========] Running 1 test from 1 test suite.
[----------] Global test environment set-up.
[----------] 1 test from VectorTest
[ RUN      ] VectorTest.EraseRange
[       OK ] VectorTest.EraseRange (0 ms)
[----------] 1 test from VectorTest (0 ms total)

[----------] Global test environment tear-down
[==========] 1 test from 1 test suite ran. (0 ms total)
[  PASSED  ] 1 test.
<end of output>
Test time =   0.17 sec
----------------------------------------------------------
Test Passed.
"VectorTest.EraseRange" end time: May 14 20:14 FLE vasaros / ziemos laik
"VectorTest.EraseRange" time elapsed: 00:00:00
----------------------------------------------------------

42/53 Testing: VectorTest.PushBack
42/53 Test: VectorTest.PushBack
Command: "D:/objektinis/v3.0/build/tests/Debug/VectorTest.exe" "--gtest_filter=VectorTest.PushBack" "--gtest_also_run_disabled_tests"
Directory: D:/objektinis/v3.0/build/tests
"VectorTest.PushBack" start time: May 14 20:14 FLE vasaros / ziemos laik
Output:
----------------------------------------------------------
Running main() from D:\objektinis\v3.0\build\_deps\googletest-src\googletest\src\gtest_main.cc
Note: Google Test filter = VectorTest.PushBack
[==========] Running 1 test from 1 test suite.
[----------] Global test environment set-up.
[----------] 1 test from VectorTest
[ RUN      ] VectorTest.PushBack
[       OK ] VectorTest.PushBack (0 ms)
[----------] 1 test from VectorTest (0 ms total)

[----------] Global test environment tear-down
[==========] 1 test from 1 test suite ran. (0 ms total)
[  PASSED  ] 1 test.
<end of output>
Test time =   0.15 sec
----------------------------------------------------------
Test Passed.
"VectorTest.PushBack" end time: May 14 20:14 FLE vasaros / ziemos laik
"VectorTest.PushBack" time elapsed: 00:00:00
----------------------------------------------------------

43/53 Testing: VectorTest.PushBackMove
43/53 Test: VectorTest.PushBackMove
Command: "D:/objektinis/v3.0/build/tests/Debug/VectorTest.exe" "--gtest_filter=VectorTest.PushBackMove" "--gtest_also_run_disabled_tests"
Directory: D:/objektinis/v3.0/build/tests
"VectorTest.PushBackMove" start time: May 14 20:14 FLE vasaros / ziemos laik
Output:
----------------------------------------------------------
Running main() from D:\objektinis\v3.0\build\_deps\googletest-src\googletest\src\gtest_main.cc
Note: Google Test filter = VectorTest.PushBackMove
[==========] Running 1 test from 1 test suite.
[----------] Global test environment set-up.
[----------] 1 test from VectorTest
[ RUN      ] VectorTest.PushBackMove
[       OK ] VectorTest.PushBackMove (0 ms)
[----------] 1 test from VectorTest (0 ms total)

[----------] Global test environment tear-down
[==========] 1 test from 1 test suite ran. (0 ms total)
[  PASSED  ] 1 test.
<end of output>
Test time =   0.15 sec
----------------------------------------------------------
Test Passed.
"VectorTest.PushBackMove" end time: May 14 20:14 FLE vasaros / ziemos laik
"VectorTest.PushBackMove" time elapsed: 00:00:00
----------------------------------------------------------

44/53 Testing: VectorTest.AppendRange
44/53 Test: VectorTest.AppendRange
Command: "D:/objektinis/v3.0/build/tests/Debug/VectorTest.exe" "--gtest_filter=VectorTest.AppendRange" "--gtest_also_run_disabled_tests"
Directory: D:/objektinis/v3.0/build/tests
"VectorTest.AppendRange" start time: May 14 20:14 FLE vasaros / ziemos laik
Output:
----------------------------------------------------------
Running main() from D:\objektinis\v3.0\build\_deps\googletest-src\googletest\src\gtest_main.cc
Note: Google Test filter = VectorTest.AppendRange
[==========] Running 1 test from 1 test suite.
[----------] Global test environment set-up.
[----------] 1 test from VectorTest
[ RUN      ] VectorTest.AppendRange
[       OK ] VectorTest.AppendRange (0 ms)
[----------] 1 test from VectorTest (0 ms total)

[----------] Global test environment tear-down
[==========] 1 test from 1 test suite ran. (0 ms total)
[  PASSED  ] 1 test.
<end of output>
Test time =   0.14 sec
----------------------------------------------------------
Test Passed.
"VectorTest.AppendRange" end time: May 14 20:14 FLE vasaros / ziemos laik
"VectorTest.AppendRange" time elapsed: 00:00:00
----------------------------------------------------------

45/53 Testing: VectorTest.PopBack
45/53 Test: VectorTest.PopBack
Command: "D:/objektinis/v3.0/build/tests/Debug/VectorTest.exe" "--gtest_filter=VectorTest.PopBack" "--gtest_also_run_disabled_tests"
Directory: D:/objektinis/v3.0/build/tests
"VectorTest.PopBack" start time: May 14 20:14 FLE vasaros / ziemos laik
Output:
----------------------------------------------------------
Running main() from D:\objektinis\v3.0\build\_deps\googletest-src\googletest\src\gtest_main.cc
Note: Google Test filter = VectorTest.PopBack
[==========] Running 1 test from 1 test suite.
[----------] Global test environment set-up.
[----------] 1 test from VectorTest
[ RUN      ] VectorTest.PopBack
[       OK ] VectorTest.PopBack (0 ms)
[----------] 1 test from VectorTest (0 ms total)

[----------] Global test environment tear-down
[==========] 1 test from 1 test suite ran. (0 ms total)
[  PASSED  ] 1 test.
<end of output>
Test time =   0.14 sec
----------------------------------------------------------
Test Passed.
"VectorTest.PopBack" end time: May 14 20:14 FLE vasaros / ziemos laik
"VectorTest.PopBack" time elapsed: 00:00:00
----------------------------------------------------------

46/53 Testing: VectorTest.Resize
46/53 Test: VectorTest.Resize
Command: "D:/objektinis/v3.0/build/tests/Debug/VectorTest.exe" "--gtest_filter=VectorTest.Resize" "--gtest_also_run_disabled_tests"
Directory: D:/objektinis/v3.0/build/tests
"VectorTest.Resize" start time: May 14 20:14 FLE vasaros / ziemos laik
Output:
----------------------------------------------------------
Running main() from D:\objektinis\v3.0\build\_deps\googletest-src\googletest\src\gtest_main.cc
Note: Google Test filter = VectorTest.Resize
[==========] Running 1 test from 1 test suite.
[----------] Global test environment set-up.
[----------] 1 test from VectorTest
[ RUN      ] VectorTest.Resize
[       OK ] VectorTest.Resize (0 ms)
[----------] 1 test from VectorTest (0 ms total)

[----------] Global test environment tear-down
[==========] 1 test from 1 test suite ran. (0 ms total)
[  PASSED  ] 1 test.
<end of output>
Test time =   0.16 sec
----------------------------------------------------------
Test Passed.
"VectorTest.Resize" end time: May 14 20:14 FLE vasaros / ziemos laik
"VectorTest.Resize" time elapsed: 00:00:00
----------------------------------------------------------

47/53 Testing: VectorTest.ResizeWithValue
47/53 Test: VectorTest.ResizeWithValue
Command: "D:/objektinis/v3.0/build/tests/Debug/VectorTest.exe" "--gtest_filter=VectorTest.ResizeWithValue" "--gtest_also_run_disabled_tests"
Directory: D:/objektinis/v3.0/build/tests
"VectorTest.ResizeWithValue" start time: May 14 20:14 FLE vasaros / ziemos laik
Output:
----------------------------------------------------------
Running main() from D:\objektinis\v3.0\build\_deps\googletest-src\googletest\src\gtest_main.cc
Note: Google Test filter = VectorTest.ResizeWithValue
[==========] Running 1 test from 1 test suite.
[----------] Global test environment set-up.
[----------] 1 test from VectorTest
[ RUN      ] VectorTest.ResizeWithValue
[       OK ] VectorTest.ResizeWithValue (0 ms)
[----------] 1 test from VectorTest (0 ms total)

[----------] Global test environment tear-down
[==========] 1 test from 1 test suite ran. (0 ms total)
[  PASSED  ] 1 test.
<end of output>
Test time =   0.14 sec
----------------------------------------------------------
Test Passed.
"VectorTest.ResizeWithValue" end time: May 14 20:14 FLE vasaros / ziemos laik
"VectorTest.ResizeWithValue" time elapsed: 00:00:00
----------------------------------------------------------

48/53 Testing: VectorTest.Swap
48/53 Test: VectorTest.Swap
Command: "D:/objektinis/v3.0/build/tests/Debug/VectorTest.exe" "--gtest_filter=VectorTest.Swap" "--gtest_also_run_disabled_tests"
Directory: D:/objektinis/v3.0/build/tests
"VectorTest.Swap" start time: May 14 20:14 FLE vasaros / ziemos laik
Output:
----------------------------------------------------------
Running main() from D:\objektinis\v3.0\build\_deps\googletest-src\googletest\src\gtest_main.cc
Note: Google Test filter = VectorTest.Swap
[==========] Running 1 test from 1 test suite.
[----------] Global test environment set-up.
[----------] 1 test from VectorTest
[ RUN      ] VectorTest.Swap
[       OK ] VectorTest.Swap (0 ms)
[----------] 1 test from VectorTest (0 ms total)

[----------] Global test environment tear-down
[==========] 1 test from 1 test suite ran. (0 ms total)
[  PASSED  ] 1 test.
<end of output>
Test time =   0.15 sec
----------------------------------------------------------
Test Passed.
"VectorTest.Swap" end time: May 14 20:14 FLE vasaros / ziemos laik
"VectorTest.Swap" time elapsed: 00:00:00
----------------------------------------------------------

49/53 Testing: VectorTest.NonMemberSwap
49/53 Test: VectorTest.NonMemberSwap
Command: "D:/objektinis/v3.0/build/tests/Debug/VectorTest.exe" "--gtest_filter=VectorTest.NonMemberSwap" "--gtest_also_run_disabled_tests"
Directory: D:/objektinis/v3.0/build/tests
"VectorTest.NonMemberSwap" start time: May 14 20:14 FLE vasaros / ziemos laik
Output:
----------------------------------------------------------
Running main() from D:\objektinis\v3.0\build\_deps\googletest-src\googletest\src\gtest_main.cc
Note: Google Test filter = VectorTest.NonMemberSwap
[==========] Running 1 test from 1 test suite.
[----------] Global test environment set-up.
[----------] 1 test from VectorTest
[ RUN      ] VectorTest.NonMemberSwap
[       OK ] VectorTest.NonMemberSwap (0 ms)
[----------] 1 test from VectorTest (0 ms total)

[----------] Global test environment tear-down
[==========] 1 test from 1 test suite ran. (0 ms total)
[  PASSED  ] 1 test.
<end of output>
Test time =   0.14 sec
----------------------------------------------------------
Test Passed.
"VectorTest.NonMemberSwap" end time: May 14 20:14 FLE vasaros / ziemos laik
"VectorTest.NonMemberSwap" time elapsed: 00:00:00
----------------------------------------------------------

50/53 Testing: VectorTest.EraseValue
50/53 Test: VectorTest.EraseValue
Command: "D:/objektinis/v3.0/build/tests/Debug/VectorTest.exe" "--gtest_filter=VectorTest.EraseValue" "--gtest_also_run_disabled_tests"
Directory: D:/objektinis/v3.0/build/tests
"VectorTest.EraseValue" start time: May 14 20:14 FLE vasaros / ziemos laik
Output:
----------------------------------------------------------
Running main() from D:\objektinis\v3.0\build\_deps\googletest-src\googletest\src\gtest_main.cc
Note: Google Test filter = VectorTest.EraseValue
[==========] Running 1 test from 1 test suite.
[----------] Global test environment set-up.
[----------] 1 test from VectorTest
[ RUN      ] VectorTest.EraseValue
[       OK ] VectorTest.EraseValue (0 ms)
[----------] 1 test from VectorTest (0 ms total)

[----------] Global test environment tear-down
[==========] 1 test from 1 test suite ran. (0 ms total)
[  PASSED  ] 1 test.
<end of output>
Test time =   0.14 sec
----------------------------------------------------------
Test Passed.
"VectorTest.EraseValue" end time: May 14 20:14 FLE vasaros / ziemos laik
"VectorTest.EraseValue" time elapsed: 00:00:00
----------------------------------------------------------

51/53 Testing: VectorTest.EraseIf
51/53 Test: VectorTest.EraseIf
Command: "D:/objektinis/v3.0/build/tests/Debug/VectorTest.exe" "--gtest_filter=VectorTest.EraseIf" "--gtest_also_run_disabled_tests"
Directory: D:/objektinis/v3.0/build/tests
"VectorTest.EraseIf" start time: May 14 20:14 FLE vasaros / ziemos laik
Output:
----------------------------------------------------------
Running main() from D:\objektinis\v3.0\build\_deps\googletest-src\googletest\src\gtest_main.cc
Note: Google Test filter = VectorTest.EraseIf
[==========] Running 1 test from 1 test suite.
[----------] Global test environment set-up.
[----------] 1 test from VectorTest
[ RUN      ] VectorTest.EraseIf
[       OK ] VectorTest.EraseIf (0 ms)
[----------] 1 test from VectorTest (0 ms total)

[----------] Global test environment tear-down
[==========] 1 test from 1 test suite ran. (0 ms total)
[  PASSED  ] 1 test.
<end of output>
Test time =   0.14 sec
----------------------------------------------------------
Test Passed.
"VectorTest.EraseIf" end time: May 14 20:14 FLE vasaros / ziemos laik
"VectorTest.EraseIf" time elapsed: 00:00:00
----------------------------------------------------------

52/53 Testing: VectorTest.EqualityOperators
52/53 Test: VectorTest.EqualityOperators
Command: "D:/objektinis/v3.0/build/tests/Debug/VectorTest.exe" "--gtest_filter=VectorTest.EqualityOperators" "--gtest_also_run_disabled_tests"
Directory: D:/objektinis/v3.0/build/tests
"VectorTest.EqualityOperators" start time: May 14 20:14 FLE vasaros / ziemos laik
Output:
----------------------------------------------------------
Running main() from D:\objektinis\v3.0\build\_deps\googletest-src\googletest\src\gtest_main.cc
Note: Google Test filter = VectorTest.EqualityOperators
[==========] Running 1 test from 1 test suite.
[----------] Global test environment set-up.
[----------] 1 test from VectorTest
[ RUN      ] VectorTest.EqualityOperators
[       OK ] VectorTest.EqualityOperators (0 ms)
[----------] 1 test from VectorTest (0 ms total)

[----------] Global test environment tear-down
[==========] 1 test from 1 test suite ran. (0 ms total)
[  PASSED  ] 1 test.
<end of output>
Test time =   0.15 sec
----------------------------------------------------------
Test Passed.
"VectorTest.EqualityOperators" end time: May 14 20:14 FLE vasaros / ziemos laik
"VectorTest.EqualityOperators" time elapsed: 00:00:00
----------------------------------------------------------

53/53 Testing: VectorTest.RelationalOperators
53/53 Test: VectorTest.RelationalOperators
Command: "D:/objektinis/v3.0/build/tests/Debug/VectorTest.exe" "--gtest_filter=VectorTest.RelationalOperators" "--gtest_also_run_disabled_tests"
Directory: D:/objektinis/v3.0/build/tests
"VectorTest.RelationalOperators" start time: May 14 20:14 FLE vasaros / ziemos laik
Output:
----------------------------------------------------------
Running main() from D:\objektinis\v3.0\build\_deps\googletest-src\googletest\src\gtest_main.cc
Note: Google Test filter = VectorTest.RelationalOperators
[==========] Running 1 test from 1 test suite.
[----------] Global test environment set-up.
[----------] 1 test from VectorTest
[ RUN      ] VectorTest.RelationalOperators
[       OK ] VectorTest.RelationalOperators (0 ms)
[----------] 1 test from VectorTest (0 ms total)

[----------] Global test environment tear-down
[==========] 1 test from 1 test suite ran. (0 ms total)
[  PASSED  ] 1 test.
<end of output>
Test time =   0.14 sec
----------------------------------------------------------
Test Passed.
"VectorTest.RelationalOperators" end time: May 14 20:14 FLE vasaros / ziemos laik
"VectorTest.RelationalOperators" time elapsed: 00:00:00
----------------------------------------------------------

End testing: May 14 20:14 FLE vasaros / ziemos laik
